\BOOKMARK [0][-]{chapter.1}{\376\377\0001\000\040\000F\000i\000l\000e\000\040\000I\000n\000d\000e\000x}{}% 1
\BOOKMARK [1][-]{section.1.1}{\376\377\0001\000.\0001\000\040\000F\000i\000l\000e\000\040\000L\000i\000s\000t}{chapter.1}% 2
\BOOKMARK [0][-]{chapter.2}{\376\377\0002\000\040\000F\000i\000l\000e\000\040\000D\000o\000c\000u\000m\000e\000n\000t\000a\000t\000i\000o\000n}{}% 3
\BOOKMARK [1][-]{section.2.1}{\376\377\0002\000.\0001\000\040\000/\000h\000o\000m\000e\000/\000u\000s\000e\000r\000/\000D\000T\000/\000G\000a\000m\000e\000O\000f\000L\000i\000f\000e\000/\000l\000i\000b\000/\000b\000o\000a\000r\000d\000.\000c\000\040\000F\000i\000l\000e\000\040\000R\000e\000f\000e\000r\000e\000n\000c\000e}{chapter.2}% 4
\BOOKMARK [1][-]{section.2.2}{\376\377\0002\000.\0002\000\040\000/\000h\000o\000m\000e\000/\000u\000s\000e\000r\000/\000D\000T\000/\000G\000a\000m\000e\000O\000f\000L\000i\000f\000e\000/\000l\000i\000b\000/\000r\000e\000a\000d\000I\000n\000p\000u\000t\000.\000c\000\040\000F\000i\000l\000e\000\040\000R\000e\000f\000e\000r\000e\000n\000c\000e}{chapter.2}% 5
\BOOKMARK [2][-]{subsection.2.2.1}{\376\377\0002\000.\0002\000.\0001\000\040\000F\000u\000n\000c\000t\000i\000o\000n\000\040\000D\000o\000c\000u\000m\000e\000n\000t\000a\000t\000i\000o\000n}{section.2.2}% 6
\BOOKMARK [3][-]{subsubsection.2.2.1.1}{\376\377\0002\000.\0002\000.\0001\000.\0001\000\040\000r\000e\000a\000d\000\137\000f\000i\000l\000e\000\137\000i\000n\000\137\000m\000a\000t\000r\000i\000x\000\050\000\051}{subsection.2.2.1}% 7
\BOOKMARK [1][-]{section.2.3}{\376\377\0002\000.\0003\000\040\000/\000h\000o\000m\000e\000/\000u\000s\000e\000r\000/\000D\000T\000/\000G\000a\000m\000e\000O\000f\000L\000i\000f\000e\000/\000s\000t\000e\000p\0003\000.\000c\000\040\000F\000i\000l\000e\000\040\000R\000e\000f\000e\000r\000e\000n\000c\000e}{chapter.2}% 8
\BOOKMARK [2][-]{subsection.2.3.1}{\376\377\0002\000.\0003\000.\0001\000\040\000F\000u\000n\000c\000t\000i\000o\000n\000\040\000D\000o\000c\000u\000m\000e\000n\000t\000a\000t\000i\000o\000n}{section.2.3}% 9
\BOOKMARK [3][-]{subsubsection.2.3.1.1}{\376\377\0002\000.\0003\000.\0001\000.\0001\000\040\000m\000a\000i\000n\000\050\000\051}{subsection.2.3.1}% 10
\BOOKMARK [1][-]{section.2.4}{\376\377\0002\000.\0004\000\040\000/\000h\000o\000m\000e\000/\000u\000s\000e\000r\000/\000D\000T\000/\000G\000a\000m\000e\000O\000f\000L\000i\000f\000e\000/\000t\000e\000s\000t\000s\000/\000t\000e\000s\000t\000.\000c\000\040\000F\000i\000l\000e\000\040\000R\000e\000f\000e\000r\000e\000n\000c\000e}{chapter.2}% 11
\BOOKMARK [2][-]{subsection.2.4.1}{\376\377\0002\000.\0004\000.\0001\000\040\000F\000u\000n\000c\000t\000i\000o\000n\000\040\000D\000o\000c\000u\000m\000e\000n\000t\000a\000t\000i\000o\000n}{section.2.4}% 12
\BOOKMARK [3][-]{subsubsection.2.4.1.1}{\376\377\0002\000.\0004\000.\0001\000.\0001\000\040\000c\000l\000e\000a\000n\000\137\000s\000u\000i\000t\000e\0001\000\050\000\051}{subsection.2.4.1}% 13
\BOOKMARK [3][-]{subsubsection.2.4.1.2}{\376\377\0002\000.\0004\000.\0001\000.\0002\000\040\000i\000n\000i\000t\000\137\000s\000u\000i\000t\000e\0001\000\050\000\051}{subsection.2.4.1}% 14
\BOOKMARK [3][-]{subsubsection.2.4.1.3}{\376\377\0002\000.\0004\000.\0001\000.\0003\000\040\000m\000a\000i\000n\000\050\000\051}{subsection.2.4.1}% 15
\BOOKMARK [3][-]{subsubsection.2.4.1.4}{\376\377\0002\000.\0004\000.\0001\000.\0004\000\040\000n\000e\000x\000t\000\050\000\051}{subsection.2.4.1}% 16
\BOOKMARK [3][-]{subsubsection.2.4.1.5}{\376\377\0002\000.\0004\000.\0001\000.\0005\000\040\000p\000r\000i\000n\000t\000\050\000\051}{subsection.2.4.1}% 17
\BOOKMARK [3][-]{subsubsection.2.4.1.6}{\376\377\0002\000.\0004\000.\0001\000.\0006\000\040\000r\000e\000a\000d\000\137\000f\000i\000l\000e\000\137\000i\000n\000\137\000m\000a\000t\000r\000i\000x\000\050\000\051}{subsection.2.4.1}% 18
\BOOKMARK [3][-]{subsubsection.2.4.1.7}{\376\377\0002\000.\0004\000.\0001\000.\0007\000\040\000t\000e\000s\000t\000N\000E\000X\000T\000\050\000\051}{subsection.2.4.1}% 19
\BOOKMARK [3][-]{subsubsection.2.4.1.8}{\376\377\0002\000.\0004\000.\0001\000.\0008\000\040\000t\000e\000s\000t\000P\000R\000I\000N\000T\000\050\000\051}{subsection.2.4.1}% 20
\BOOKMARK [3][-]{subsubsection.2.4.1.9}{\376\377\0002\000.\0004\000.\0001\000.\0009\000\040\000t\000e\000s\000t\000R\000E\000A\000D\000\137\000F\000I\000L\000E\000\137\000I\000N\000\137\000M\000A\000T\000R\000I\000X\000\050\000\051}{subsection.2.4.1}% 21
\BOOKMARK [1][-]{section.2.5}{\376\377\0002\000.\0005\000\040\000/\000h\000o\000m\000e\000/\000u\000s\000e\000r\000/\000D\000T\000/\000G\000a\000m\000e\000O\000f\000L\000i\000f\000e\000/\000v\000e\000r\000s\000i\000o\000n\0001\000.\000c\000\040\000F\000i\000l\000e\000\040\000R\000e\000f\000e\000r\000e\000n\000c\000e}{chapter.2}% 22
\BOOKMARK [2][-]{subsection.2.5.1}{\376\377\0002\000.\0005\000.\0001\000\040\000F\000u\000n\000c\000t\000i\000o\000n\000\040\000D\000o\000c\000u\000m\000e\000n\000t\000a\000t\000i\000o\000n}{section.2.5}% 23
\BOOKMARK [3][-]{subsubsection.2.5.1.1}{\376\377\0002\000.\0005\000.\0001\000.\0001\000\040\000m\000a\000i\000n\000\050\000\051}{subsection.2.5.1}% 24
\BOOKMARK [3][-]{subsubsection.2.5.1.2}{\376\377\0002\000.\0005\000.\0001\000.\0002\000\040\000n\000e\000x\000t\000\050\000\051}{subsection.2.5.1}% 25
\BOOKMARK [3][-]{subsubsection.2.5.1.3}{\376\377\0002\000.\0005\000.\0001\000.\0003\000\040\000p\000r\000i\000n\000t\000\050\000\051}{subsection.2.5.1}% 26
\BOOKMARK [3][-]{subsubsection.2.5.1.4}{\376\377\0002\000.\0005\000.\0001\000.\0004\000\040\000r\000e\000a\000d\000\137\000f\000i\000l\000e\000\137\000i\000n\000\137\000m\000a\000t\000r\000i\000x\000\050\000\051}{subsection.2.5.1}% 27
\BOOKMARK [0][-]{section*.5}{\376\377\000I\000n\000d\000e\000x}{}% 28
